<?xml version="1.0" encoding="UTF-8"?>
<testng-results ignored="0" total="1" passed="1" failed="0" skipped="0">
  <reporter-output>
    <line>
      <![CDATA[Setting up Reports and test started]]>
    </line>
    <line>
      <![CDATA[Setting done : Test can be started]]>
    </line>
    <line>
      <![CDATA[Trying to start Browser ]]>
    </line>
    <line>
      <![CDATA[ Browser and application is up and running  ]]>
    </line>
    <line>
      <![CDATA[ Test is about to END]]>
    </line>
  </reporter-output>
  <suite started-at="2021-02-16T22:11:19 IST" name="Default suite" finished-at="2021-02-16T22:11:47 IST" duration-ms="27927">
    <groups>
    </groups>
    <test started-at="2021-02-16T22:11:19 IST" name="Default test" finished-at="2021-02-16T22:11:47 IST" duration-ms="27927">
      <class name="com.Automation.TestCases.LoginTestHRM">
        <test-method is-config="true" signature="setupSuite()[pri:0, instance:com.Automation.TestCases.LoginTestHRM@79da8dc5]" started-at="2021-02-16T22:11:18 IST" name="setupSuite" finished-at="2021-02-16T22:11:19 IST" duration-ms="1313" status="PASS">
          <reporter-output>
            <line>
              <![CDATA[Setting up Reports and test started]]>
            </line>
            <line>
              <![CDATA[Setting done : Test can be started]]>
            </line>
          </reporter-output>
        </test-method> <!-- setupSuite -->
        <test-method is-config="true" signature="setupApp()[pri:0, instance:com.Automation.TestCases.LoginTestHRM@79da8dc5]" started-at="2021-02-16T22:11:19 IST" name="setupApp" finished-at="2021-02-16T22:11:40 IST" duration-ms="20603" status="PASS">
          <reporter-output>
            <line>
              <![CDATA[Trying to start Browser ]]>
            </line>
            <line>
              <![CDATA[ Browser and application is up and running  ]]>
            </line>
          </reporter-output>
        </test-method> <!-- setupApp -->
        <test-method signature="loginApp()[pri:0, instance:com.Automation.TestCases.LoginTestHRM@79da8dc5]" started-at="2021-02-16T22:11:40 IST" name="loginApp" finished-at="2021-02-16T22:11:45 IST" duration-ms="5410" status="PASS">
          <reporter-output>
          </reporter-output>
        </test-method> <!-- loginApp -->
        <test-method is-config="true" signature="teaDownMethod(org.testng.ITestResult)[pri:0, instance:com.Automation.TestCases.LoginTestHRM@79da8dc5]" started-at="2021-02-16T22:11:45 IST" name="teaDownMethod" finished-at="2021-02-16T22:11:46 IST" duration-ms="884" status="PASS">
          <params>
            <param index="0">
              <value>
                <![CDATA[[TestResult name=loginApp status=SUCCESS method=LoginTestHRM.loginApp()[pri:0, instance:com.Automation.TestCases.LoginTestHRM@79da8dc5] output={null}]]]>
              </value>
            </param>
          </params>
          <reporter-output>
            <line>
              <![CDATA[ Test is about to END]]>
            </line>
          </reporter-output>
        </test-method> <!-- teaDownMethod -->
        <test-method is-config="true" signature="tearDown()[pri:0, instance:com.Automation.TestCases.LoginTestHRM@79da8dc5]" started-at="2021-02-16T22:11:46 IST" name="tearDown" finished-at="2021-02-16T22:11:47 IST" duration-ms="971" status="PASS">
          <reporter-output>
          </reporter-output>
        </test-method> <!-- tearDown -->
      </class> <!-- com.Automation.TestCases.LoginTestHRM -->
    </test> <!-- Default test -->
  </suite> <!-- Default suite -->
</testng-results>
