<?xml version="1.0" encoding="UTF-8"?>
<!-- Generated by org.testng.reporters.JUnitXMLReporter -->
<testsuite ignored="1" hostname="DESKTOP-U0IOVOL" failures="0" tests="1" name="Test" time="0.232" errors="0" timestamp="2021-02-15T21:11:18 IST">
  <testcase classname="com.Automation.Pages.BaseClass" name="@BeforeSuite setupSuite" time="1.081">
    <failure type="java.lang.IncompatibleClassChangeError" message="Found interface org.apache.poi.util.POILogger, but class was expected">
      <![CDATA[java.lang.IncompatibleClassChangeError: Found interface org.apache.poi.util.POILogger, but class was expected
at org.apache.poi.openxml4j.opc.PackageRelationshipCollection.parseRelationshipsPart(PackageRelationshipCollection.java:303)
at org.apache.poi.openxml4j.opc.PackageRelationshipCollection.<init>(PackageRelationshipCollection.java:163)
at org.apache.poi.openxml4j.opc.PackageRelationshipCollection.<init>(PackageRelationshipCollection.java:133)
at org.apache.poi.openxml4j.opc.PackagePart.loadRelationships(PackagePart.java:570)
at org.apache.poi.openxml4j.opc.OPCPackage.getParts(OPCPackage.java:727)
at org.apache.poi.openxml4j.opc.OPCPackage.open(OPCPackage.java:301)
at org.apache.poi.ooxml.util.PackageHelper.open(PackageHelper.java:37)
at org.apache.poi.xssf.usermodel.XSSFWorkbook.<init>(XSSFWorkbook.java:307)
at com.Automation.Utility.ExcelDataProvider.<init>(ExcelDataProvider.java:19)
at com.Automation.Pages.BaseClass.setupSuite(BaseClass.java:31)
... Removed 19 stack frames]]>
    </failure>
  </testcase> <!-- @BeforeSuite setupSuite -->
  <testcase classname="com.Automation.Pages.BaseClass" name="@BeforeClass setupApp" time="-1.613403678442E9">
    <skipped/>
  </testcase> <!-- @BeforeClass setupApp -->
  <testcase classname="com.Automation.Pages.BaseClass" name="@AfterMethod teaDownMethod" time="-1.613403678592E9">
    <skipped/>
  </testcase> <!-- @AfterMethod teaDownMethod -->
  <testcase classname="com.Automation.Pages.BaseClass" name="@AfterClass tearDown" time="-1.613403678616E9">
    <skipped/>
  </testcase> <!-- @AfterClass tearDown -->
  <testcase classname="com.Automation.TestCases.LoginTestHRM" name="loginApp" time="0.0">
    <skipped/>
  </testcase> <!-- loginApp -->
  <testcase classname="com.Automation.Pages.BaseClass" name="@BeforeSuite setupSuite" time="0.0">
    <ignored/>
  </testcase> <!-- @BeforeSuite setupSuite -->
</testsuite> <!-- Test -->
